TN:
SF:/Users/lesliecovarrubias/BuildAMeal2.0/src-app/src/polyfills.ts
FNF:0
FNH:0
LF:0
LH:0
BRF:0
BRH:0
end_of_record
TN:
SF:/Users/lesliecovarrubias/BuildAMeal2.0/src-app/src/test.ts
FNF:0
FNH:0
DA:13,1
DA:18,1
DA:20,1
LF:3
LH:3
BRF:0
BRH:0
end_of_record
TN:
SF:/Users/lesliecovarrubias/BuildAMeal2.0/src-app/src/app/app.component.ts
FN:8,(anonymous_1)
FN:3,AppComponent
FNF:2
FNH:1
FNDA:1,(anonymous_1)
FNDA:0,AppComponent
DA:8,1
DA:9,0
DA:10,1
LF:3
LH:2
BRF:0
BRH:0
end_of_record
TN:
SF:/Users/lesliecovarrubias/BuildAMeal2.0/src-app/src/app/components/home/home.component.ts
FN:11,(anonymous_2)
FN:16,HomeComponent
FN:22,(anonymous_4)
FN:27,(anonymous_5)
FNF:4
FNH:3
FNDA:1,(anonymous_2)
FNDA:1,HomeComponent
FNDA:1,(anonymous_4)
FNDA:0,(anonymous_5)
DA:11,1
DA:17,1
DA:22,1
DA:23,1
DA:27,1
DA:30,0
DA:32,0
DA:36,1
LF:8
LH:6
BRF:0
BRH:0
end_of_record
TN:
SF:/Users/lesliecovarrubias/BuildAMeal2.0/src-app/src/app/components/login/login.component.ts
FN:8,(anonymous_2)
FN:10,LoginComponent
FN:12,(anonymous_4)
FNF:3
FNH:1
FNDA:1,(anonymous_2)
FNDA:0,LoginComponent
FNDA:0,(anonymous_4)
DA:8,1
DA:12,1
DA:15,1
LF:3
LH:3
BRF:0
BRH:0
end_of_record
TN:
SF:/Users/lesliecovarrubias/BuildAMeal2.0/src-app/src/app/components/navbar/navbar.component.ts
FN:8,(anonymous_2)
FN:10,NavbarComponent
FN:12,(anonymous_4)
FNF:3
FNH:1
FNDA:1,(anonymous_2)
FNDA:0,NavbarComponent
FNDA:0,(anonymous_4)
DA:8,1
DA:12,1
DA:15,1
LF:3
LH:3
BRF:0
BRH:0
end_of_record
TN:
SF:/Users/lesliecovarrubias/BuildAMeal2.0/src-app/src/app/components/profile/profile.component.ts
FN:8,(anonymous_2)
FN:10,ProfileComponent
FN:12,(anonymous_4)
FNF:3
FNH:1
FNDA:1,(anonymous_2)
FNDA:0,ProfileComponent
FNDA:0,(anonymous_4)
DA:8,1
DA:12,1
DA:15,1
LF:3
LH:3
BRF:0
BRH:0
end_of_record
TN:
SF:/Users/lesliecovarrubias/BuildAMeal2.0/src-app/src/app/components/register/register.component.ts
FN:8,(anonymous_2)
FN:10,RegisterComponent
FN:12,(anonymous_4)
FNF:3
FNH:1
FNDA:1,(anonymous_2)
FNDA:0,RegisterComponent
FNDA:0,(anonymous_4)
DA:8,1
DA:12,1
DA:15,1
LF:3
LH:3
BRF:0
BRH:0
end_of_record
